<?xml version="1.0" encoding="UTF-8" ?>
<testsuite tests="68" failures="0" name="adt.linkedList.DoubleLinkedListTest" time="0.021" errors="0" skipped="0">
  <properties>
[...]
</properties>
  <testcase classname="adt.linkedList.DoubleLinkedListTest" name="teste01" time="0.009"/>
  <testcase classname="adt.linkedList.DoubleLinkedListTest" name="teste02" time="0"/>
  <testcase classname="adt.linkedList.DoubleLinkedListTest" name="teste03" time="0"/>
  <testcase classname="adt.linkedList.DoubleLinkedListTest" name="teste04" time="0"/>
  <testcase classname="adt.linkedList.DoubleLinkedListTest" name="teste05" time="0"/>
  <testcase classname="adt.linkedList.DoubleLinkedListTest" name="teste06" time="0"/>
  <testcase classname="adt.linkedList.DoubleLinkedListTest" name="teste07" time="0"/>
  <testcase classname="adt.linkedList.DoubleLinkedListTest" name="teste08" time="0.001"/>
  <testcase classname="adt.linkedList.DoubleLinkedListTest" name="teste09" time="0"/>
  <testcase classname="adt.linkedList.DoubleLinkedListTest" name="teste10" time="0"/>
  <testcase classname="adt.linkedList.DoubleLinkedListTest" name="teste11" time="0"/>
  <testcase classname="adt.linkedList.DoubleLinkedListTest" name="teste12" time="0"/>
  <testcase classname="adt.linkedList.DoubleLinkedListTest" name="teste13" time="0"/>
  <testcase classname="adt.linkedList.DoubleLinkedListTest" name="teste14" time="0"/>
  <testcase classname="adt.linkedList.DoubleLinkedListTest" name="teste15" time="0"/>
  <testcase classname="adt.linkedList.DoubleLinkedListTest" name="teste16" time="0.001"/>
  <testcase classname="adt.linkedList.DoubleLinkedListTest" name="teste17" time="0"/>
  <testcase classname="adt.linkedList.DoubleLinkedListTest" name="teste18" time="0"/>
  <testcase classname="adt.linkedList.DoubleLinkedListTest" name="teste19" time="0"/>
  <testcase classname="adt.linkedList.DoubleLinkedListTest" name="teste20" time="0"/>
  <testcase classname="adt.linkedList.DoubleLinkedListTest" name="teste21" time="0.001"/>
  <testcase classname="adt.linkedList.DoubleLinkedListTest" name="teste22" time="0"/>
  <testcase classname="adt.linkedList.DoubleLinkedListTest" name="teste23" time="0"/>
  <testcase classname="adt.linkedList.DoubleLinkedListTest" name="teste24" time="0"/>
  <testcase classname="adt.linkedList.DoubleLinkedListTest" name="teste25" time="0"/>
  <testcase classname="adt.linkedList.DoubleLinkedListTest" name="teste26" time="0"/>
  <testcase classname="adt.linkedList.DoubleLinkedListTest" name="teste27" time="0"/>
  <testcase classname="adt.linkedList.DoubleLinkedListTest" name="teste28" time="0"/>
  <testcase classname="adt.linkedList.DoubleLinkedListTest" name="teste29" time="0"/>
  <testcase classname="adt.linkedList.DoubleLinkedListTest" name="teste30" time="0"/>
  <testcase classname="adt.linkedList.DoubleLinkedListTest" name="teste31" time="0"/>
  <testcase classname="adt.linkedList.DoubleLinkedListTest" name="teste32" time="0"/>
  <testcase classname="adt.linkedList.DoubleLinkedListTest" name="teste33" time="0.003"/>
  <testcase classname="adt.linkedList.DoubleLinkedListTest" name="teste34" time="0"/>
  <testcase classname="adt.linkedList.DoubleLinkedListTest" name="teste35" time="0"/>
  <testcase classname="adt.linkedList.DoubleLinkedListTest" name="teste36" time="0.001"/>
  <testcase classname="adt.linkedList.DoubleLinkedListTest" name="teste37" time="0"/>
  <testcase classname="adt.linkedList.DoubleLinkedListTest" name="teste38" time="0"/>
  <testcase classname="adt.linkedList.DoubleLinkedListTest" name="teste39" time="0"/>
  <testcase classname="adt.linkedList.DoubleLinkedListTest" name="teste40" time="0.001"/>
  <testcase classname="adt.linkedList.DoubleLinkedListTest" name="teste41" time="0"/>
  <testcase classname="adt.linkedList.DoubleLinkedListTest" name="teste42" time="0"/>
  <testcase classname="adt.linkedList.DoubleLinkedListTest" name="teste43" time="0"/>
  <testcase classname="adt.linkedList.DoubleLinkedListTest" name="teste44" time="0"/>
  <testcase classname="adt.linkedList.DoubleLinkedListTest" name="teste45" time="0"/>
  <testcase classname="adt.linkedList.DoubleLinkedListTest" name="teste46" time="0"/>
  <testcase classname="adt.linkedList.DoubleLinkedListTest" name="teste47" time="0"/>
  <testcase classname="adt.linkedList.DoubleLinkedListTest" name="teste48" time="0.001"/>
  <testcase classname="adt.linkedList.DoubleLinkedListTest" name="teste49" time="0"/>
  <testcase classname="adt.linkedList.DoubleLinkedListTest" name="teste50" time="0"/>
  <testcase classname="adt.linkedList.DoubleLinkedListTest" name="teste51" time="0"/>
  <testcase classname="adt.linkedList.DoubleLinkedListTest" name="teste52" time="0.001"/>
  <testcase classname="adt.linkedList.DoubleLinkedListTest" name="teste53" time="0"/>
  <testcase classname="adt.linkedList.DoubleLinkedListTest" name="teste54" time="0"/>
  <testcase classname="adt.linkedList.DoubleLinkedListTest" name="teste55" time="0"/>
  <testcase classname="adt.linkedList.DoubleLinkedListTest" name="teste56" time="0"/>
  <testcase classname="adt.linkedList.DoubleLinkedListTest" name="teste57" time="0"/>
  <testcase classname="adt.linkedList.DoubleLinkedListTest" name="teste58" time="0"/>
  <testcase classname="adt.linkedList.DoubleLinkedListTest" name="teste59" time="0"/>
  <testcase classname="adt.linkedList.DoubleLinkedListTest" name="teste60" time="0"/>
  <testcase classname="adt.linkedList.DoubleLinkedListTest" name="teste61" time="0.001"/>
  <testcase classname="adt.linkedList.DoubleLinkedListTest" name="teste62" time="0"/>
  <testcase classname="adt.linkedList.DoubleLinkedListTest" name="teste63" time="0"/>
  <testcase classname="adt.linkedList.DoubleLinkedListTest" name="teste64" time="0"/>
  <testcase classname="adt.linkedList.DoubleLinkedListTest" name="teste65" time="0.001"/>
  <testcase classname="adt.linkedList.DoubleLinkedListTest" name="teste66" time="0"/>
  <testcase classname="adt.linkedList.DoubleLinkedListTest" name="teste67" time="0"/>
  <testcase classname="adt.linkedList.DoubleLinkedListTest" name="teste68" time="0"/>
</testsuite>